Change Component Designator: OldDesignator= NewDesignator=*2
Change Component Designator: OldDesignator= NewDesignator=*3
Change Component Designator: OldDesignator= NewDesignator=C1
Change Component Designator: OldDesignator= NewDesignator=C2
Change Component Designator: OldDesignator= NewDesignator=C3
Change Component Designator: OldDesignator= NewDesignator=C4
Change Component Designator: OldDesignator= NewDesignator=C5
Change Component Designator: OldDesignator= NewDesignator=C6
Change Component Designator: OldDesignator= NewDesignator=C7
Change Component Designator: OldDesignator= NewDesignator=C8
Change Component Designator: OldDesignator= NewDesignator=C9
Change Component Designator: OldDesignator= NewDesignator=C10
Change Component Designator: OldDesignator= NewDesignator=D1
Change Component Designator: OldDesignator= NewDesignator=D2
Change Component Designator: OldDesignator= NewDesignator=D3
Change Component Designator: OldDesignator= NewDesignator=R1
Change Component Designator: OldDesignator= NewDesignator=R2
Change Component Designator: OldDesignator= NewDesignator=R3
Change Component Designator: OldDesignator= NewDesignator=R4
Change Component Designator: OldDesignator= NewDesignator=U1
Change Component Designator: OldDesignator= NewDesignator=U2
Change Component Designator: OldDesignator= NewDesignator=Y1
Added Member To Class: ClassName=Sheet1 Member=Component *2 USB
Added Member To Class: ClassName=Sheet1 Member=Component *3 Plugin4P
Added Member To Class: ClassName=Sheet1 Member=Component C1 0.1uf
Added Member To Class: ClassName=Sheet1 Member=Component C2 0.1uf
Added Member To Class: ClassName=Sheet1 Member=Component C3 10uf
Added Member To Class: ClassName=Sheet1 Member=Component C4 10uf
Added Member To Class: ClassName=Sheet1 Member=Component C5 10uf
Added Member To Class: ClassName=Sheet1 Member=Component C6 10uf
Added Member To Class: ClassName=Sheet1 Member=Component C7 10uf
Added Member To Class: ClassName=Sheet1 Member=Component C8 Cap
Added Member To Class: ClassName=Sheet1 Member=Component C9 Cap
Added Member To Class: ClassName=Sheet1 Member=Component C10 Cap
Added Member To Class: ClassName=Sheet1 Member=Component D1 PTVSHC1DF7VB
Added Member To Class: ClassName=Sheet1 Member=Component D2 PTVSHC1DF7VB
Added Member To Class: ClassName=Sheet1 Member=Component D3 PTVSHC1DF7VB
Added Member To Class: ClassName=Sheet1 Member=Component R1 Res
Added Member To Class: ClassName=Sheet1 Member=Component R2 Res
Added Member To Class: ClassName=Sheet1 Member=Component R3 Res
Added Member To Class: ClassName=Sheet1 Member=Component R4 Res
Added Member To Class: ClassName=Sheet1 Member=Component U1 TLV70233DBVR
Added Member To Class: ClassName=Sheet1 Member=Component U2 STM32F070F6P6
Added Member To Class: ClassName=Sheet1 Member=Component Y1 8mhz
Added Room: Name=Sheet1
